Терминалы не используются в грамматике

    END


Грамматика

    0 $accept: Input $end

    1 Input: exp

    2 exp: NAME
    3    | L exp R
    4    | exp IMP exp
    5    | exp OR exp
    6    | exp AND exp
    7    | NEG exp


Терминальные символы с правилами, в которых они появляются

    $end (0) 0
    error (256)
    NAME <name> (258) 2
    IMP <expr> (259) 4
    OR <expr> (260) 5
    AND <expr> (261) 6
    NEG <expr> (262) 7
    L <expr> (263) 3
    R <expr> (264) 3
    END <expr> (265)


Нетерминальные символы с правилами, в которых они появляются

    $accept (11)
        on left: 0
    Input <name> (12)
        on left: 1
        on right: 0
    exp <expr> (13)
        on left: 2 3 4 5 6 7
        on right: 1 3 4 5 6 7


Состояние 0

    0 $accept: • Input $end

    NAME  сдвиг, и переход в состояние 1
    NEG   сдвиг, и переход в состояние 2
    L     сдвиг, и переход в состояние 3

    Input  переход в состояние 4
    exp    переход в состояние 5


Состояние 1

    2 exp: NAME •

    $default  вывод с использованием правила 2 (exp)


Состояние 2

    7 exp: NEG • exp

    NAME  сдвиг, и переход в состояние 1
    NEG   сдвиг, и переход в состояние 2
    L     сдвиг, и переход в состояние 3

    exp  переход в состояние 6


Состояние 3

    3 exp: L • exp R

    NAME  сдвиг, и переход в состояние 1
    NEG   сдвиг, и переход в состояние 2
    L     сдвиг, и переход в состояние 3

    exp  переход в состояние 7


Состояние 4

    0 $accept: Input • $end

    $end  сдвиг, и переход в состояние 8


Состояние 5

    1 Input: exp •
    4 exp: exp • IMP exp
    5    | exp • OR exp
    6    | exp • AND exp

    IMP  сдвиг, и переход в состояние 9
    OR   сдвиг, и переход в состояние 10
    AND  сдвиг, и переход в состояние 11

    $default  вывод с использованием правила 1 (Input)


Состояние 6

    4 exp: exp • IMP exp
    5    | exp • OR exp
    6    | exp • AND exp
    7    | NEG exp •

    $default  вывод с использованием правила 7 (exp)


Состояние 7

    3 exp: L exp • R
    4    | exp • IMP exp
    5    | exp • OR exp
    6    | exp • AND exp

    IMP  сдвиг, и переход в состояние 9
    OR   сдвиг, и переход в состояние 10
    AND  сдвиг, и переход в состояние 11
    R    сдвиг, и переход в состояние 12


Состояние 8

    0 $accept: Input $end •

    $default  принять


Состояние 9

    4 exp: exp IMP • exp

    NAME  сдвиг, и переход в состояние 1
    NEG   сдвиг, и переход в состояние 2
    L     сдвиг, и переход в состояние 3

    exp  переход в состояние 13


Состояние 10

    5 exp: exp OR • exp

    NAME  сдвиг, и переход в состояние 1
    NEG   сдвиг, и переход в состояние 2
    L     сдвиг, и переход в состояние 3

    exp  переход в состояние 14


Состояние 11

    6 exp: exp AND • exp

    NAME  сдвиг, и переход в состояние 1
    NEG   сдвиг, и переход в состояние 2
    L     сдвиг, и переход в состояние 3

    exp  переход в состояние 15


Состояние 12

    3 exp: L exp R •

    $default  вывод с использованием правила 3 (exp)


Состояние 13

    4 exp: exp • IMP exp
    4    | exp IMP exp •
    5    | exp • OR exp
    6    | exp • AND exp

    IMP  сдвиг, и переход в состояние 9
    OR   сдвиг, и переход в состояние 10
    AND  сдвиг, и переход в состояние 11

    $default  вывод с использованием правила 4 (exp)


Состояние 14

    4 exp: exp • IMP exp
    5    | exp • OR exp
    5    | exp OR exp •
    6    | exp • AND exp

    AND  сдвиг, и переход в состояние 11

    $default  вывод с использованием правила 5 (exp)


Состояние 15

    4 exp: exp • IMP exp
    5    | exp • OR exp
    6    | exp • AND exp
    6    | exp AND exp •

    $default  вывод с использованием правила 6 (exp)
